<?xml version="1.0" encoding="UTF-8"?>

<mule xmlns:ee="http://www.mulesoft.org/schema/mule/ee/core" xmlns:http="http://www.mulesoft.org/schema/mule/http"
	xmlns="http://www.mulesoft.org/schema/mule/core"
	xmlns:doc="http://www.mulesoft.org/schema/mule/documentation" xmlns:xsi="http://www.w3.org/2001/XMLSchema-instance" xsi:schemaLocation="http://www.mulesoft.org/schema/mule/core http://www.mulesoft.org/schema/mule/core/current/mule.xsd
http://www.mulesoft.org/schema/mule/http http://www.mulesoft.org/schema/mule/http/current/mule-http.xsd
http://www.mulesoft.org/schema/mule/ee/core http://www.mulesoft.org/schema/mule/ee/core/current/mule-ee.xsd">
	<http:listener-config name="HTTP_Listener_config" doc:name="HTTP Listener config" doc:id="f60fe71e-f9c9-4439-94e4-6a668d81b9d5" >
		<http:listener-connection host="0.0.0.0" port="8081" />
	</http:listener-config>
	<flow name="test-project-5Flow" doc:id="75f25875-2d07-476e-8ee4-29a6a46fddf1" >
		<http:listener doc:name="Listener" doc:id="469fcc7c-9730-4a85-9e96-64dda064c8ae" config-ref="HTTP_Listener_config" path="/test"/>
		<ee:transform doc:name="Transform Message" doc:id="725011f8-35f2-44f1-87c2-e46fc435f26a" >
			<ee:message >
				<ee:set-payload ><![CDATA[%dw 2.0
output application/java
---
"Test"]]></ee:set-payload>
			</ee:message>
		</ee:transform>
	</flow>
</mule>
